2024-08-28 16:56:28,544 INFO org.springframework.boot.StartupInfoLogger [main] Starting BlogBackend using Java 22.0.1 with PID 2104 (D:\Project\Blog\Blog\target\classes started by yifei in D:\Project\Blog\Blog)
2024-08-28 16:56:28,549 INFO org.springframework.boot.SpringApplication [main] No active profile set, falling back to 1 default profile: "default"
2024-08-28 16:56:28,790 INFO org.springframework.data.repository.config.RepositoryConfigurationDelegate [main] Bootstrapping Spring Data JPA repositories in DEFAULT mode.
2024-08-28 16:56:28,799 INFO org.springframework.data.repository.config.RepositoryConfigurationDelegate [main] Finished Spring Data repository scanning in 5 ms. Found 0 JPA repository interfaces.
2024-08-28 16:56:28,987 INFO org.springframework.boot.web.embedded.tomcat.TomcatWebServer [main] Tomcat initialized with port 5208 (http)
2024-08-28 16:56:28,994 INFO org.apache.juli.logging.DirectJDKLog [main] Initializing ProtocolHandler ["http-nio-5208"]
2024-08-28 16:56:28,995 INFO org.apache.juli.logging.DirectJDKLog [main] Starting service [Tomcat]
2024-08-28 16:56:28,995 INFO org.apache.juli.logging.DirectJDKLog [main] Starting Servlet engine: [Apache Tomcat/10.1.26]
2024-08-28 16:56:29,021 INFO org.apache.juli.logging.DirectJDKLog [main] Initializing Spring embedded WebApplicationContext
2024-08-28 16:56:29,023 INFO org.springframework.boot.web.servlet.context.ServletWebServerApplicationContext [main] Root WebApplicationContext: initialization completed in 451 ms
2024-08-28 16:56:29,095 INFO org.hibernate.jpa.internal.util.LogHelper [main] HHH000204: Processing PersistenceUnitInfo [name: default]
2024-08-28 16:56:29,121 INFO org.hibernate.Version [main] HHH000412: Hibernate ORM core version 6.5.2.Final
2024-08-28 16:56:29,137 INFO org.hibernate.cache.internal.RegionFactoryInitiator [main] HHH000026: Second-level cache disabled
2024-08-28 16:56:29,281 INFO org.springframework.orm.jpa.persistenceunit.SpringPersistenceUnitInfo [main] No LoadTimeWeaver setup: ignoring JPA class transformer
2024-08-28 16:56:29,295 INFO com.zaxxer.hikari.HikariDataSource [main] HikariPool-1 - Starting...
2024-08-28 16:56:29,443 INFO com.zaxxer.hikari.pool.HikariPool [main] HikariPool-1 - Added connection com.mysql.cj.jdbc.ConnectionImpl@148b6f95
2024-08-28 16:56:29,443 INFO com.zaxxer.hikari.HikariDataSource [main] HikariPool-1 - Start completed.
2024-08-28 16:56:29,466 WARN org.hibernate.engine.jdbc.dialect.internal.DialectFactoryImpl [main] HHH90000025: MySQL8Dialect does not need to be specified explicitly using 'hibernate.dialect' (remove the property setting and it will be selected by default)
2024-08-28 16:56:29,467 WARN org.hibernate.engine.jdbc.dialect.internal.DialectFactoryImpl [main] HHH90000026: MySQL8Dialect has been deprecated; use org.hibernate.dialect.MySQLDialect instead
2024-08-28 16:56:29,854 INFO org.hibernate.engine.transaction.jta.platform.internal.JtaPlatformInitiator [main] HHH000489: No JTA platform available (set 'hibernate.transaction.jta.platform' to enable JTA platform integration)
2024-08-28 16:56:29,914 INFO org.springframework.orm.jpa.AbstractEntityManagerFactoryBean [main] Initialized JPA EntityManagerFactory for persistence unit 'default'
2024-08-28 16:56:29,933 WARN org.springframework.boot.autoconfigure.orm.jpa.JpaBaseConfiguration$JpaWebConfiguration [main] spring.jpa.open-in-view is enabled by default. Therefore, database queries may be performed during view rendering. Explicitly configure spring.jpa.open-in-view to disable this warning
2024-08-28 16:56:30,097 INFO org.apache.juli.logging.DirectJDKLog [main] Starting ProtocolHandler ["http-nio-5208"]
2024-08-28 16:56:30,106 INFO org.springframework.boot.web.embedded.tomcat.TomcatWebServer [main] Tomcat started on port 5208 (http) with context path '/yf-blog'
2024-08-28 16:56:30,110 INFO org.springframework.boot.StartupInfoLogger [main] Started BlogBackend in 1.739 seconds (process running for 2.329)
2024-08-28 16:56:46,203 INFO org.springframework.orm.jpa.AbstractEntityManagerFactoryBean [SpringApplicationShutdownHook] Closing JPA EntityManagerFactory for persistence unit 'default'
2024-08-28 16:56:46,204 INFO com.zaxxer.hikari.HikariDataSource [SpringApplicationShutdownHook] HikariPool-1 - Shutdown initiated...
2024-08-28 16:56:46,207 INFO com.zaxxer.hikari.HikariDataSource [SpringApplicationShutdownHook] HikariPool-1 - Shutdown completed.
